Removed Pin From Net: NetName=PA0 Pin=U2-10
Removed Pin From Net: NetName=PA1 Pin=U2-11
Removed Pin From Net: NetName=PA2 Pin=U2-12
Removed Pin From Net: NetName=PA3 Pin=U2-13
Removed Pin From Net: NetName=PA4 Pin=U2-14
Removed Pin From Net: NetName=PA5 Pin=U2-15
Removed Pin From Net: NetName=PA7 Pin=U2-17
Removed Pin From Net: NetName=PB0 Pin=U2-18
Removed Pin From Net: NetName=PB1 Pin=U2-19
Removed Pin From Net: NetName=PB2 Pin=U2-20
Removed Pin From Net: NetName=PB10 Pin=U2-21
Removed Pin From Net: NetName=PB11 Pin=U2-22
Removed Pin From Net: NetName=PB12 Pin=U2-25
Removed Pin From Net: NetName=PB13 Pin=U2-26
Removed Pin From Net: NetName=PB14 Pin=U2-27
Removed Pin From Net: NetName=PB15 Pin=U2-28
Removed Pin From Net: NetName=PA8 Pin=U2-29
Removed Pin From Net: NetName=PA9 Pin=U2-30
Removed Pin From Net: NetName=PA10 Pin=U2-31
Removed Pin From Net: NetName=PA11 Pin=U2-32
Removed Pin From Net: NetName=PA12 Pin=U2-33
Removed Pin From Net: NetName=PA13 Pin=U2-38
Removed Pin From Net: NetName=PB3 Pin=U2-39
Removed Pin From Net: NetName=PB4 Pin=U2-40
Removed Pin From Net: NetName=PB5 Pin=U2-41
Removed Pin From Net: NetName=PB6 Pin=U2-42
Removed Pin From Net: NetName=PB7 Pin=U2-43
Removed Pin From Net: NetName=PB8 Pin=U2-45
Removed Pin From Net: NetName=PB9 Pin=U2-46
Added Pin To Net: NetName=PA12 Pin=U2-10
Added Pin To Net: NetName=PA11 Pin=U2-11
Added Pin To Net: NetName=PA10 Pin=U2-12
Added Pin To Net: NetName=PA9 Pin=U2-13
Added Pin To Net: NetName=PA8 Pin=U2-14
Added Pin To Net: NetName=PA7 Pin=U2-15
Added Pin To Net: NetName=PA5 Pin=U2-17
Added Pin To Net: NetName=PA4 Pin=U2-18
Added Pin To Net: NetName=PA3 Pin=U2-19
Added Pin To Net: NetName=PA2 Pin=U2-20
Added Pin To Net: NetName=PA1 Pin=U2-21
Added Pin To Net: NetName=PA0 Pin=U2-22
Added Pin To Net: NetName=PB0 Pin=U2-25
Added Pin To Net: NetName=PB1 Pin=U2-26
Added Pin To Net: NetName=PB2 Pin=U2-27
Added Pin To Net: NetName=PB3 Pin=U2-28
Added Pin To Net: NetName=PB4 Pin=U2-29
Added Pin To Net: NetName=PB5 Pin=U2-30
Added Pin To Net: NetName=PB6 Pin=U2-31
Added Pin To Net: NetName=PB7 Pin=U2-32
Added Pin To Net: NetName=PB8 Pin=U2-33
Added Pin To Net: NetName=PB9 Pin=U2-38
Added Pin To Net: NetName=PB10 Pin=U2-39
Added Pin To Net: NetName=PB11 Pin=U2-40
Added Pin To Net: NetName=PB12 Pin=U2-41
Added Pin To Net: NetName=PB13 Pin=U2-42
Added Pin To Net: NetName=PB14 Pin=U2-43
Added Pin To Net: NetName=PB15 Pin=U2-45
Added Pin To Net: NetName=PA13 Pin=U2-46
Change Net Name : Old Net Name=PA0 New Net Name=PB11
Change Net Name : Old Net Name=PA1 New Net Name=PB10
Change Net Name : Old Net Name=PA2 New Net Name=PB2
Change Net Name : Old Net Name=PA3 New Net Name=PB1
Change Net Name : Old Net Name=PA4 New Net Name=PB0
Change Net Name : Old Net Name=PA5 New Net Name=PA7
Change Net Name : Old Net Name=PA7 New Net Name=PA5
Change Net Name : Old Net Name=PA8 New Net Name=PA4
Change Net Name : Old Net Name=PA9 New Net Name=PA3
Change Net Name : Old Net Name=PA10 New Net Name=PA2
Change Net Name : Old Net Name=PA11 New Net Name=PA1
Change Net Name : Old Net Name=PA12 New Net Name=PA0
Change Net Name : Old Net Name=PA13 New Net Name=PB9
Change Net Name : Old Net Name=PB0 New Net Name=PB12
Change Net Name : Old Net Name=PB1 New Net Name=PB13
Change Net Name : Old Net Name=PB2 New Net Name=PB14
Change Net Name : Old Net Name=PB3 New Net Name=PB15
Change Net Name : Old Net Name=PB4 New Net Name=PA8
Change Net Name : Old Net Name=PB5 New Net Name=PA9
Change Net Name : Old Net Name=PB6 New Net Name=PA10
Change Net Name : Old Net Name=PB7 New Net Name=PA11
Change Net Name : Old Net Name=PB8 New Net Name=PA12
Change Net Name : Old Net Name=PB9 New Net Name=PA13
Change Net Name : Old Net Name=PB10 New Net Name=PB3
Change Net Name : Old Net Name=PB11 New Net Name=PB4
Change Net Name : Old Net Name=PB12 New Net Name=PB5
Change Net Name : Old Net Name=PB13 New Net Name=PB6
Change Net Name : Old Net Name=PB14 New Net Name=PB7
Change Net Name : Old Net Name=PB15 New Net Name=PB8
Added Room: Name=MCU
Added Room: Name=PowerSupply
