Added Component: Designator=C1(MY_0805)
Add component (AddParameter): Name = "ASiD Part Number"; Value = "C-AS"; VariantName = "[No Variations]"
Add component (AddParameter): Name = "Value"; Value = "10nF"; VariantName = "[No Variations]"
Add component (AddParameter): Name = "Volte"; Value = "25v"; VariantName = "[No Variations]"
Added Component: Designator=C2(MY_0805)
Add component (AddParameter): Name = "ASiD Part Number"; Value = "C-AS"; VariantName = "[No Variations]"
Add component (AddParameter): Name = "Value"; Value = "10nF"; VariantName = "[No Variations]"
Add component (AddParameter): Name = "Volte"; Value = "25V"; VariantName = "[No Variations]"
Added Component: Designator=C3(MY_0805)
Add component (AddParameter): Name = "ASiD Part Number"; Value = "C-AS"; VariantName = "[No Variations]"
Add component (AddParameter): Name = "Value"; Value = "10nF"; VariantName = "[No Variations]"
Add component (AddParameter): Name = "Volte"; Value = "25v"; VariantName = "[No Variations]"
Added Component: Designator=C4(MY_0805)
Add component (AddParameter): Name = "ASiD Part Number"; Value = "C-AS"; VariantName = "[No Variations]"
Add component (AddParameter): Name = "Value"; Value = "10nF"; VariantName = "[No Variations]"
Add component (AddParameter): Name = "Volte"; Value = "25V"; VariantName = "[No Variations]"
Added Component: Designator=C5(MY_0805)
Add component (AddParameter): Name = "ASiD Part Number"; Value = "C-AS"; VariantName = "[No Variations]"
Add component (AddParameter): Name = "Value"; Value = "100nF"; VariantName = "[No Variations]"
Add component (AddParameter): Name = "Volte"; Value = "25v"; VariantName = "[No Variations]"
Added Component: Designator=C6(MY_1210)
Add component (AddParameter): Name = "ASiD Part Number"; Value = "C-AS"; VariantName = "[No Variations]"
Add component (AddParameter): Name = "Value"; Value = "10uF"; VariantName = "[No Variations]"
Add component (AddParameter): Name = "Volte"; Value = ">10"; VariantName = "[No Variations]"
Added Component: Designator=C7(MY_1210)
Add component (AddParameter): Name = "ASiD Part Number"; Value = "C-AS"; VariantName = "[No Variations]"
Add component (AddParameter): Name = "Value"; Value = "100uF"; VariantName = "[No Variations]"
Add component (AddParameter): Name = "Volte"; Value = ">10"; VariantName = "[No Variations]"
Added Component: Designator=D1(My_DO41)
Add component (AddParameter): Name = "ASiD Part Number"; Value = "1n4007-AS"; VariantName = "[No Variations]"
Added Component: Designator=D2(MY_LED_0805)
Add component (AddParameter): Name = "ASiD Part Number"; Value = "LED-AS"; VariantName = "[No Variations]"
Added Component: Designator=D3(MY_LED_0805)
Add component (AddParameter): Name = "ASiD Part Number"; Value = "LED-AS"; VariantName = "[No Variations]"
Added Component: Designator=D4(My_DO41)
Add component (AddParameter): Name = "ASiD Part Number"; Value = "1n4007-AS"; VariantName = "[No Variations]"
Added Component: Designator=D5(MY_LED_0805)
Add component (AddParameter): Name = "ASiD Part Number"; Value = "LED-AS"; VariantName = "[No Variations]"
Added Component: Designator=J1(My_DC_Jack)
Add component (AddParameter): Name = "ASiD Part Number"; Value = "DC_Jack-AS"; VariantName = "[No Variations]"
Added Component: Designator=K1(My_rel)
Add component (AddParameter): Name = "ASiD Part Number"; Value = "Relay-SPDT-AS"; VariantName = "[No Variations]"
Added Component: Designator=K2(My_rel)
Add component (AddParameter): Name = "ASiD Part Number"; Value = "Relay-SPDT-AS"; VariantName = "[No Variations]"
Added Component: Designator=P1(MY_MSTBA3)
Add component (AddParameter): Name = "ASiD Part Number"; Value = "Header 3-AS"; VariantName = "[No Variations]"
Added Component: Designator=P2(My_1X05)
Add component (AddParameter): Name = "ASiD Part Number"; Value = "Header 5-AS"; VariantName = "[No Variations]"
Added Component: Designator=P3(MY_MSTBA3)
Add component (AddParameter): Name = "ASiD Part Number"; Value = "Header 3-AS"; VariantName = "[No Variations]"
Added Component: Designator=P4(My_1X04)
Add component (AddParameter): Name = "ASiD Part Number"; Value = "Header 4-AS"; VariantName = "[No Variations]"
Added Component: Designator=P5(MY_MSTBA3)
Add component (AddParameter): Name = "ASiD Part Number"; Value = "Header 3-AS"; VariantName = "[No Variations]"
Added Component: Designator=Q1(SOT23_N)
Add component (AddParameter): Name = "ComponentLink1Description"; Value = "Manufacturer Link"; VariantName = "[No Variations]"
Add component (AddParameter): Name = "ComponentLink1URL"; Value = "http://www.semiconductors.philips.com/"; VariantName = "[No Variations]"
Add component (AddParameter): Name = "ComponentLink2Description"; Value = "Datasheet"; VariantName = "[No Variations]"
Add component (AddParameter): Name = "ComponentLink2URL"; Value = "http://www.semiconductors.philips.com/acrobat/datasheets/BC817_BC817W_BC337_5.pdf"; VariantName = "[No Variations]"
Add component (AddParameter): Name = "DatasheetVersion"; Value = "Jun-1999"; VariantName = "[No Variations]"
Add component (AddParameter): Name = "LatestRevisionDate"; Value = "12-Dec-2006"; VariantName = "[No Variations]"
Add component (AddParameter): Name = "LatestRevisionNote"; Value = "IPC-7351 Footprint Added."; VariantName = "[No Variations]"
Add component (AddParameter): Name = "PackageDescription"; Value = "3-Pin SOT-23 Package 0.95 mm Pitch, 2.3 mm Lead Span"; VariantName = "[No Variations]"
Add component (AddParameter): Name = "PackageReference"; Value = "SOT23"; VariantName = "[No Variations]"
Add component (AddParameter): Name = "PackageVersion"; Value = "May-1999"; VariantName = "[No Variations]"
Add component (AddParameter): Name = "Published"; Value = "17-Sep-2003"; VariantName = "[No Variations]"
Add component (AddParameter): Name = "Publisher"; Value = "Altium Limited"; VariantName = "[No Variations]"
Added Component: Designator=Q2(SOT23_N)
Add component (AddParameter): Name = "ComponentLink1Description"; Value = "Manufacturer Link"; VariantName = "[No Variations]"
Add component (AddParameter): Name = "ComponentLink1URL"; Value = "http://www.semiconductors.philips.com/"; VariantName = "[No Variations]"
Add component (AddParameter): Name = "ComponentLink2Description"; Value = "Datasheet"; VariantName = "[No Variations]"
Add component (AddParameter): Name = "ComponentLink2URL"; Value = "http://www.semiconductors.philips.com/acrobat/datasheets/BC817_BC817W_BC337_5.pdf"; VariantName = "[No Variations]"
Add component (AddParameter): Name = "DatasheetVersion"; Value = "Jun-1999"; VariantName = "[No Variations]"
Add component (AddParameter): Name = "LatestRevisionDate"; Value = "12-Dec-2006"; VariantName = "[No Variations]"
Add component (AddParameter): Name = "LatestRevisionNote"; Value = "IPC-7351 Footprint Added."; VariantName = "[No Variations]"
Add component (AddParameter): Name = "PackageDescription"; Value = "3-Pin SOT-23 Package 0.95 mm Pitch, 2.3 mm Lead Span"; VariantName = "[No Variations]"
Add component (AddParameter): Name = "PackageReference"; Value = "SOT23"; VariantName = "[No Variations]"
Add component (AddParameter): Name = "PackageVersion"; Value = "May-1999"; VariantName = "[No Variations]"
Add component (AddParameter): Name = "Published"; Value = "17-Sep-2003"; VariantName = "[No Variations]"
Add component (AddParameter): Name = "Publisher"; Value = "Altium Limited"; VariantName = "[No Variations]"
Added Component: Designator=R1(MY_0805)
Add component (AddParameter): Name = "ASiD Part Number"; Value = "Res-AS"; VariantName = "[No Variations]"
Add component (AddParameter): Name = "Value"; Value = "1K"; VariantName = "[No Variations]"
Added Component: Designator=R2(MY_0805)
Add component (AddParameter): Name = "ASiD Part Number"; Value = "Res-AS"; VariantName = "[No Variations]"
Add component (AddParameter): Name = "Value"; Value = "220R"; VariantName = "[No Variations]"
Added Component: Designator=R3(MY_0805)
Add component (AddParameter): Name = "ASiD Part Number"; Value = "Res-AS"; VariantName = "[No Variations]"
Add component (AddParameter): Name = "Value"; Value = "10K"; VariantName = "[No Variations]"
Added Component: Designator=R4(MY_0805)
Add component (AddParameter): Name = "ASiD Part Number"; Value = "Res-AS"; VariantName = "[No Variations]"
Add component (AddParameter): Name = "Value"; Value = "1K"; VariantName = "[No Variations]"
Added Component: Designator=R5(MY_0805)
Add component (AddParameter): Name = "ASiD Part Number"; Value = "Res-AS"; VariantName = "[No Variations]"
Add component (AddParameter): Name = "Value"; Value = "330R"; VariantName = "[No Variations]"
Added Component: Designator=R6(MY_0805)
Add component (AddParameter): Name = "ASiD Part Number"; Value = "Res-AS"; VariantName = "[No Variations]"
Add component (AddParameter): Name = "Value"; Value = "1K"; VariantName = "[No Variations]"
Added Component: Designator=R7(MY_0805)
Add component (AddParameter): Name = "ASiD Part Number"; Value = "Res-AS"; VariantName = "[No Variations]"
Add component (AddParameter): Name = "Value"; Value = "1K"; VariantName = "[No Variations]"
Added Component: Designator=R8(MY_0805)
Add component (AddParameter): Name = "ASiD Part Number"; Value = "Res-AS"; VariantName = "[No Variations]"
Add component (AddParameter): Name = "Value"; Value = "220R"; VariantName = "[No Variations]"
Added Component: Designator=R9(MY_0805)
Add component (AddParameter): Name = "ASiD Part Number"; Value = "Res-AS"; VariantName = "[No Variations]"
Add component (AddParameter): Name = "Value"; Value = "10K"; VariantName = "[No Variations]"
Added Component: Designator=R10(MY_0805)
Add component (AddParameter): Name = "ASiD Part Number"; Value = "Res-AS"; VariantName = "[No Variations]"
Add component (AddParameter): Name = "Value"; Value = "220R"; VariantName = "[No Variations]"
Added Component: Designator=R11(MY_0805)
Add component (AddParameter): Name = "ASiD Part Number"; Value = "Res-AS"; VariantName = "[No Variations]"
Add component (AddParameter): Name = "Value"; Value = "220R"; VariantName = "[No Variations]"
Added Component: Designator=R12(MY_0805)
Add component (AddParameter): Name = "ASiD Part Number"; Value = "Res-AS"; VariantName = "[No Variations]"
Add component (AddParameter): Name = "Value"; Value = "220R"; VariantName = "[No Variations]"
Added Component: Designator=R13(MY_0805)
Add component (AddParameter): Name = "ASiD Part Number"; Value = "Res-AS"; VariantName = "[No Variations]"
Add component (AddParameter): Name = "Value"; Value = "220R"; VariantName = "[No Variations]"
Added Component: Designator=sw1(MY_PB-SMD)
Add component (AddParameter): Name = "ASiD Part Number"; Value = "Tac switch-AS"; VariantName = "[No Variations]"
Added Component: Designator=sw2(MY_PB-SMD)
Add component (AddParameter): Name = "ASiD Part Number"; Value = "Tac switch-AS"; VariantName = "[No Variations]"
Added Component: Designator=U1(TSSOP-20)
Added Component: Designator=U2(My_opto)
Add component (AddParameter): Name = "ASiD Part Number"; Value = "Optoisolator-AS"; VariantName = "[No Variations]"
Added Component: Designator=U3(ESP8266 ESP_12)
Added Component: Designator=U4(My_opto)
Add component (AddParameter): Name = "ASiD Part Number"; Value = "Optoisolator-AS"; VariantName = "[No Variations]"
Added Component: Designator=U5(My_opto)
Add component (AddParameter): Name = "ASiD Part Number"; Value = "Optoisolator-AS"; VariantName = "[No Variations]"
Added Component: Designator=U6(My_opto)
Add component (AddParameter): Name = "ASiD Part Number"; Value = "Optoisolator-AS"; VariantName = "[No Variations]"
Added Component: Designator=U7(MY_SOT223)
Add component (AddParameter): Name = "ASiD Part Number"; Value = "LM1117-AS"; VariantName = "[No Variations]"
Added Pin To Net: NetName=+5 Pin=C6-2
Added Pin To Net: NetName=+5 Pin=D1-K
Added Pin To Net: NetName=+5 Pin=D4-K
Added Pin To Net: NetName=+5 Pin=J1-1
Added Pin To Net: NetName=+5 Pin=K1-4
Added Pin To Net: NetName=+5 Pin=K2-4
Added Pin To Net: NetName=+5 Pin=R1-2
Added Pin To Net: NetName=+5 Pin=R2-1
Added Pin To Net: NetName=+5 Pin=R7-2
Added Pin To Net: NetName=+5 Pin=R8-1
Added Pin To Net: NetName=+5 Pin=U7-3
Added Net: Name=+5
Added Pin To Net: NetName=3.3V Pin=C1-1
Added Pin To Net: NetName=3.3V Pin=C2-2
Added Pin To Net: NetName=3.3V Pin=C3-1
Added Pin To Net: NetName=3.3V Pin=C4-2
Added Pin To Net: NetName=3.3V Pin=C7-2
Added Pin To Net: NetName=3.3V Pin=D3-A
Added Pin To Net: NetName=3.3V Pin=P2-1
Added Pin To Net: NetName=3.3V Pin=P4-1
Added Pin To Net: NetName=3.3V Pin=R4-2
Added Pin To Net: NetName=3.3V Pin=R6-2
Added Pin To Net: NetName=3.3V Pin=R10-2
Added Pin To Net: NetName=3.3V Pin=R12-2
Added Pin To Net: NetName=3.3V Pin=U1-9
Added Pin To Net: NetName=3.3V Pin=U3-3
Added Pin To Net: NetName=3.3V Pin=U3-8
Added Pin To Net: NetName=3.3V Pin=U7-2
Added Pin To Net: NetName=3.3V Pin=U7-2
Added Net: Name=3.3V
Added Pin To Net: NetName=CommonPinRelay1 Pin=K1-1
Added Pin To Net: NetName=CommonPinRelay1 Pin=K2-1
Added Pin To Net: NetName=CommonPinRelay1 Pin=P1-2
Added Net: Name=CommonPinRelay1
Added Pin To Net: NetName=CommonPinRelay2 Pin=P3-2
Added Net: Name=CommonPinRelay2
Added Pin To Net: NetName=ESPReset Pin=C5-1
Added Pin To Net: NetName=ESPReset Pin=R6-1
Added Pin To Net: NetName=ESPReset Pin=sw2-1
Added Pin To Net: NetName=ESPReset Pin=U3-1
Added Net: Name=ESPReset
Added Pin To Net: NetName=ESPRXD Pin=P4-3
Added Pin To Net: NetName=ESPRXD Pin=U1-2
Added Pin To Net: NetName=ESPRXD Pin=U3-15
Added Net: Name=ESPRXD
Added Pin To Net: NetName=ESPTXD Pin=P4-4
Added Pin To Net: NetName=ESPTXD Pin=U1-3
Added Pin To Net: NetName=ESPTXD Pin=U3-16
Added Net: Name=ESPTXD
Added Pin To Net: NetName=GND Pin=C1-2
Added Pin To Net: NetName=GND Pin=C2-1
Added Pin To Net: NetName=GND Pin=C3-2
Added Pin To Net: NetName=GND Pin=C4-1
Added Pin To Net: NetName=GND Pin=C5-2
Added Pin To Net: NetName=GND Pin=C6-1
Added Pin To Net: NetName=GND Pin=C7-1
Added Pin To Net: NetName=GND Pin=J1-2
Added Pin To Net: NetName=GND Pin=J1-3
Added Pin To Net: NetName=GND Pin=P2-3
Added Pin To Net: NetName=GND Pin=P4-2
Added Pin To Net: NetName=GND Pin=Q1-2
Added Pin To Net: NetName=GND Pin=Q2-2
Added Pin To Net: NetName=GND Pin=R3-1
Added Pin To Net: NetName=GND Pin=R9-1
Added Pin To Net: NetName=GND Pin=sw1-2
Added Pin To Net: NetName=GND Pin=sw2-2
Added Pin To Net: NetName=GND Pin=U1-7
Added Pin To Net: NetName=GND Pin=U3-9
Added Pin To Net: NetName=GND Pin=U5-3
Added Pin To Net: NetName=GND Pin=U6-3
Added Pin To Net: NetName=GND Pin=U7-1
Added Net: Name=GND
Added Pin To Net: NetName=Input01 Pin=R10-1
Added Pin To Net: NetName=Input01 Pin=U5-4
Added Net: Name=Input01
Added Pin To Net: NetName=Input02 Pin=R12-1
Added Pin To Net: NetName=Input02 Pin=U6-4
Added Net: Name=Input02
Added Pin To Net: NetName=NetD1_A Pin=D1-A
Added Pin To Net: NetName=NetD1_A Pin=K1-5
Added Pin To Net: NetName=NetD1_A Pin=Q1-3
Added Net: Name=NetD1_A
Added Pin To Net: NetName=NetD2_A Pin=D2-A
Added Pin To Net: NetName=NetD2_A Pin=U2-2
Added Net: Name=NetD2_A
Added Pin To Net: NetName=NetD3_K Pin=D3-K
Added Pin To Net: NetName=NetD3_K Pin=R5-1
Added Pin To Net: NetName=NetD3_K Pin=R5-2
Added Pin To Net: NetName=NetD3_K Pin=U3-6
Added Net: Name=NetD3_K
Added Pin To Net: NetName=NetD4_A Pin=D4-A
Added Pin To Net: NetName=NetD4_A Pin=K2-5
Added Pin To Net: NetName=NetD4_A Pin=Q2-3
Added Net: Name=NetD4_A
Added Pin To Net: NetName=NetD5_A Pin=D5-A
Added Pin To Net: NetName=NetD5_A Pin=U4-2
Added Net: Name=NetD5_A
Added Pin To Net: NetName=NetP5_1 Pin=P5-1
Added Pin To Net: NetName=NetP5_1 Pin=U6-2
Added Net: Name=NetP5_1
Added Pin To Net: NetName=NetP5_2 Pin=P5-2
Added Pin To Net: NetName=NetP5_2 Pin=R11-1
Added Pin To Net: NetName=NetP5_2 Pin=R13-1
Added Net: Name=NetP5_2
Added Pin To Net: NetName=NetP5_3 Pin=P5-3
Added Pin To Net: NetName=NetP5_3 Pin=U5-1
Added Net: Name=NetP5_3
Added Pin To Net: NetName=NetQ1_1 Pin=Q1-1
Added Pin To Net: NetName=NetQ1_1 Pin=R3-2
Added Pin To Net: NetName=NetQ1_1 Pin=U2-3
Added Net: Name=NetQ1_1
Added Pin To Net: NetName=NetQ2_1 Pin=Q2-1
Added Pin To Net: NetName=NetQ2_1 Pin=R9-2
Added Pin To Net: NetName=NetQ2_1 Pin=U4-3
Added Net: Name=NetQ2_1
Added Pin To Net: NetName=NetR1_1 Pin=R1-1
Added Pin To Net: NetName=NetR1_1 Pin=U2-4
Added Net: Name=NetR1_1
Added Pin To Net: NetName=NetR2_2 Pin=R2-2
Added Pin To Net: NetName=NetR2_2 Pin=U2-1
Added Net: Name=NetR2_2
Added Pin To Net: NetName=NetR4_1 Pin=R4-1
Added Pin To Net: NetName=NetR4_1 Pin=sw1-1
Added Pin To Net: NetName=NetR4_1 Pin=U3-7
Added Net: Name=NetR4_1
Added Pin To Net: NetName=NetR7_1 Pin=R7-1
Added Pin To Net: NetName=NetR7_1 Pin=U4-4
Added Net: Name=NetR7_1
Added Pin To Net: NetName=NetR8_2 Pin=R8-2
Added Pin To Net: NetName=NetR8_2 Pin=U4-1
Added Net: Name=NetR8_2
Added Pin To Net: NetName=NetR11_2 Pin=R11-2
Added Pin To Net: NetName=NetR11_2 Pin=U5-2
Added Net: Name=NetR11_2
Added Pin To Net: NetName=NetR13_2 Pin=R13-2
Added Pin To Net: NetName=NetR13_2 Pin=U6-1
Added Net: Name=NetR13_2
Added Pin To Net: NetName=NormalCloseRelay1 Pin=K1-2
Added Pin To Net: NetName=NormalCloseRelay1 Pin=P1-1
Added Net: Name=NormalCloseRelay1
Added Pin To Net: NetName=NormalCloseRelay2 Pin=K2-2
Added Pin To Net: NetName=NormalCloseRelay2 Pin=P3-1
Added Net: Name=NormalCloseRelay2
Added Pin To Net: NetName=NormalOpenRelay1 Pin=K1-3
Added Pin To Net: NetName=NormalOpenRelay1 Pin=P1-3
Added Net: Name=NormalOpenRelay1
Added Pin To Net: NetName=NormalOpenRelay2 Pin=K2-3
Added Pin To Net: NetName=NormalOpenRelay2 Pin=P3-3
Added Net: Name=NormalOpenRelay2
Added Pin To Net: NetName=OCDCK Pin=P2-5
Added Pin To Net: NetName=OCDCK Pin=U1-18
Added Net: Name=OCDCK
Added Pin To Net: NetName=OCDDA Pin=P2-4
Added Pin To Net: NetName=OCDDA Pin=U1-8
Added Net: Name=OCDDA
Added Pin To Net: NetName=Relay1ControlPin Pin=D2-K
Added Pin To Net: NetName=Relay1ControlPin Pin=D5-K
Added Net: Name=Relay1ControlPin
Added Pin To Net: NetName=RST Pin=P2-2
Added Pin To Net: NetName=RST Pin=U1-4
Added Net: Name=RST
Added Pin To Net: NetName=UART1_TXD Pin=U3-11
Added Net: Name=UART1_TXD
Added Class: Name=MasterRelayModule
Added Rule: Name=Schematic Supply Nets
Added Rule: Name=Schematic Supply Nets_1
Added Rule: Name=Schematic Supply Nets_2
Added Rule: Name=Schematic Width Constraint
Added Rule: Name=Schematic Width Constraint_1
Added Rule: Name=Schematic Width Constraint_2
Added Rule: Name=Schematic Width Constraint_3
Added Rule: Name=Schematic Width Constraint_4
Added Rule: Name=Schematic Width Constraint_5
